<?xml version="1.0" encoding="UTF-8"?>
<!-- Generated by org.testng.reporters.JUnitXMLReporter -->
<testsuite ignored="0" hostname="Cheryl" failures="1" tests="2" name="Test" time="7.812" errors="0" timestamp="2022-11-19T14:24:17 IST">
  <testcase classname="com.obsqura.TestNGSample.BasicCommandsOB" name="SingleInputFieldVerification" time="0.151"/>
  <testcase classname="com.obsqura.TestNGSample.BasicCommandsOB" name="twoInputFieldVerification" time="0.141">
    <failure type="java.lang.AssertionError" message="Total A + B : NAN expected [Total A + B :54] but found [Total A + B : 9]">
      <![CDATA[java.lang.AssertionError: Total A + B : NAN expected [Total A + B :54] but found [Total A + B : 9]
at com.obsqura.TestNGSample.BasicCommandsOB.twoInputFieldVerification(BasicCommandsOB.java:29)
at java.base/java.util.ArrayList.forEach(ArrayList.java:1511)
... Removed 32 stack frames]]>
    </failure>
  </testcase> <!-- twoInputFieldVerification -->
</testsuite> <!-- Test -->
