<?xml version="1.0" encoding="UTF-8"?>
<testng-results ignored="0" total="3" passed="3" failed="0" skipped="0">
  <reporter-output>
  </reporter-output>
  <suite started-at="2022-11-16T22:05:46 IST" name="Default suite" finished-at="2022-11-16T22:06:05 IST" duration-ms="18824">
    <groups>
    </groups>
    <test started-at="2022-11-16T22:05:46 IST" name="Default test" finished-at="2022-11-16T22:06:05 IST" duration-ms="18824">
      <class name="com.obsqura.TestNGSample.Locators">
        <test-method is-config="true" signature="initializeBrowse()[pri:0, instance:com.obsqura.TestNGSample.Locators@6fd83fc1]" started-at="2022-11-16T22:05:46 IST" name="initializeBrowse" finished-at="2022-11-16T22:05:57 IST" duration-ms="11220" status="PASS">
          <reporter-output>
          </reporter-output>
        </test-method> <!-- initializeBrowse -->
        <test-method signature="classNameLocator()[pri:0, instance:com.obsqura.TestNGSample.Locators@6fd83fc1]" started-at="2022-11-16T22:05:57 IST" name="classNameLocator" finished-at="2022-11-16T22:05:57 IST" duration-ms="35" status="PASS">
          <reporter-output>
          </reporter-output>
        </test-method> <!-- classNameLocator -->
        <test-method signature="idLocators()[pri:0, instance:com.obsqura.TestNGSample.Locators@6fd83fc1]" started-at="2022-11-16T22:05:57 IST" name="idLocators" finished-at="2022-11-16T22:06:03 IST" duration-ms="5451" status="PASS">
          <reporter-output>
          </reporter-output>
        </test-method> <!-- idLocators -->
        <test-method signature="nameLocator()[pri:0, instance:com.obsqura.TestNGSample.Locators@6fd83fc1]" started-at="2022-11-16T22:06:03 IST" name="nameLocator" finished-at="2022-11-16T22:06:03 IST" duration-ms="16" status="PASS">
          <reporter-output>
          </reporter-output>
        </test-method> <!-- nameLocator -->
        <test-method is-config="true" signature="browserQuit()[pri:0, instance:com.obsqura.TestNGSample.Locators@6fd83fc1]" started-at="2022-11-16T22:06:03 IST" name="browserQuit" finished-at="2022-11-16T22:06:05 IST" duration-ms="2077" status="PASS">
          <reporter-output>
          </reporter-output>
        </test-method> <!-- browserQuit -->
      </class> <!-- com.obsqura.TestNGSample.Locators -->
    </test> <!-- Default test -->
  </suite> <!-- Default suite -->
</testng-results>
