<?xml version="1.0" encoding="UTF-8"?>
<!-- Generated by org.testng.reporters.JUnitXMLReporter -->
<testsuite ignored="0" hostname="Cheryl" failures="0" tests="3" name="Default test" time="18.824" errors="0" timestamp="2022-11-16T22:06:05 IST">
  <testcase classname="com.obsqura.TestNGSample.Locators" name="classNameLocator" time="0.035"/>
  <testcase classname="com.obsqura.TestNGSample.Locators" name="idLocators" time="5.451"/>
  <testcase classname="com.obsqura.TestNGSample.Locators" name="nameLocator" time="0.016"/>
</testsuite> <!-- Default test -->
